[debug] [2025-06-04T17:12:32.994Z] ----------------------------------------------------------------------
[debug] [2025-06-04T17:12:33.006Z] Command:       C:\nvm4w\nodejs\node.exe C:\Users\garry\AppData\Roaming\npm\node_modules\firebase-tools\lib\bin\firebase.js init
[debug] [2025-06-04T17:12:33.007Z] CLI Version:   14.5.1
[debug] [2025-06-04T17:12:33.007Z] Platform:      win32
[debug] [2025-06-04T17:12:33.007Z] Node Version:  v20.19.2
[debug] [2025-06-04T17:12:33.007Z] Time:          Wed Jun 04 2025 22:42:33 GMT+0530 (India Standard Time)
[debug] [2025-06-04T17:12:33.008Z] ----------------------------------------------------------------------
[debug] 
[debug] [2025-06-04T17:12:33.013Z] > command requires scopes: ["email","openid","https://www.googleapis.com/auth/cloudplatformprojects.readonly","https://www.googleapis.com/auth/firebase","https://www.googleapis.com/auth/cloud-platform"]
[debug] [2025-06-04T17:12:33.014Z] > authorizing via signed-in user (itsmegauravgangurde@gmail.com)
[info] 
     ######## #### ########  ######## ########     ###     ######  ########
     ##        ##  ##     ## ##       ##     ##  ##   ##  ##       ##
     ######    ##  ########  ######   ########  #########  ######  ######
     ##        ##  ##    ##  ##       ##     ## ##     ##       ## ##
     ##       #### ##     ## ######## ########  ##     ##  ######  ########

You're about to initialize a Firebase project in this directory:

  E:\MESSMENU

[info] 
=== Project Setup
[info] 
[info] First, let's associate this project directory with a Firebase project.
[info] You can create multiple project aliases by running firebase use --add, 
[info] but for now we'll just set up a default project.
[info] 
[debug] [2025-06-04T17:14:56.119Z] Checked if tokens are valid: true, expires at: 1749059923765
[debug] [2025-06-04T17:14:56.120Z] Checked if tokens are valid: true, expires at: 1749059923765
[debug] [2025-06-04T17:14:56.170Z] >>> [apiv2][query] GET https://firebase.googleapis.com/v1beta1/projects pageSize=100
[debug] [2025-06-04T17:14:56.973Z] <<< [apiv2][status] GET https://firebase.googleapis.com/v1beta1/projects 200
[debug] [2025-06-04T17:14:56.973Z] <<< [apiv2][body] GET https://firebase.googleapis.com/v1beta1/projects [omitted]
[info] i  Using project foodmenu-8c02b (mess-menu-app) 
[info] 
=== Firestore Setup
[info] i  firestore: ensuring required API firestore.googleapis.com is enabled... 
[debug] [2025-06-04T17:15:04.404Z] Checked if tokens are valid: true, expires at: 1749059923765
[debug] [2025-06-04T17:15:04.405Z] Checked if tokens are valid: true, expires at: 1749059923765
[debug] [2025-06-04T17:15:04.405Z] >>> [apiv2][query] GET https://serviceusage.googleapis.com/v1/projects/foodmenu-8c02b/services/firestore.googleapis.com [none]
[debug] [2025-06-04T17:15:04.405Z] >>> [apiv2][(partial)header] GET https://serviceusage.googleapis.com/v1/projects/foodmenu-8c02b/services/firestore.googleapis.com x-goog-quota-user=projects/foodmenu-8c02b
[debug] [2025-06-04T17:15:06.219Z] <<< [apiv2][status] GET https://serviceusage.googleapis.com/v1/projects/foodmenu-8c02b/services/firestore.googleapis.com 200
[debug] [2025-06-04T17:15:06.219Z] <<< [apiv2][body] GET https://serviceusage.googleapis.com/v1/projects/foodmenu-8c02b/services/firestore.googleapis.com [omitted]
[warn] !  firestore: missing required API firestore.googleapis.com. Enabling now... 
[debug] [2025-06-04T17:15:06.220Z] Checked if tokens are valid: true, expires at: 1749059923765
[debug] [2025-06-04T17:15:06.220Z] Checked if tokens are valid: true, expires at: 1749059923765
[debug] [2025-06-04T17:15:06.220Z] >>> [apiv2][query] POST https://serviceusage.googleapis.com/v1/projects/foodmenu-8c02b/services/firestore.googleapis.com:enable [none]
[debug] [2025-06-04T17:15:06.220Z] >>> [apiv2][(partial)header] POST https://serviceusage.googleapis.com/v1/projects/foodmenu-8c02b/services/firestore.googleapis.com:enable x-goog-quota-user=projects/foodmenu-8c02b
[debug] [2025-06-04T17:15:06.745Z] <<< [apiv2][status] POST https://serviceusage.googleapis.com/v1/projects/foodmenu-8c02b/services/firestore.googleapis.com:enable 200
[debug] [2025-06-04T17:15:06.745Z] <<< [apiv2][body] POST https://serviceusage.googleapis.com/v1/projects/foodmenu-8c02b/services/firestore.googleapis.com:enable [omitted]
[debug] [2025-06-04T17:15:16.753Z] Checked if tokens are valid: true, expires at: 1749059923765
[debug] [2025-06-04T17:15:16.754Z] Checked if tokens are valid: true, expires at: 1749059923765
[debug] [2025-06-04T17:15:16.755Z] >>> [apiv2][query] GET https://serviceusage.googleapis.com/v1/projects/foodmenu-8c02b/services/firestore.googleapis.com [none]
[debug] [2025-06-04T17:15:16.755Z] >>> [apiv2][(partial)header] GET https://serviceusage.googleapis.com/v1/projects/foodmenu-8c02b/services/firestore.googleapis.com x-goog-quota-user=projects/foodmenu-8c02b
[debug] [2025-06-04T17:15:18.554Z] <<< [apiv2][status] GET https://serviceusage.googleapis.com/v1/projects/foodmenu-8c02b/services/firestore.googleapis.com 200
[debug] [2025-06-04T17:15:18.555Z] <<< [apiv2][body] GET https://serviceusage.googleapis.com/v1/projects/foodmenu-8c02b/services/firestore.googleapis.com [omitted]
[info] +  firestore: required API firestore.googleapis.com is enabled 
[debug] [2025-06-04T17:15:18.563Z] Checked if tokens are valid: true, expires at: 1749059923765
[debug] [2025-06-04T17:15:18.564Z] Checked if tokens are valid: true, expires at: 1749059923765
[debug] [2025-06-04T17:15:18.564Z] >>> [apiv2][query] GET https://firestore.googleapis.com/v1/projects/foodmenu-8c02b/databases [none]
[debug] [2025-06-04T17:15:19.208Z] <<< [apiv2][status] GET https://firestore.googleapis.com/v1/projects/foodmenu-8c02b/databases 200
[debug] [2025-06-04T17:15:19.208Z] <<< [apiv2][body] GET https://firestore.googleapis.com/v1/projects/foodmenu-8c02b/databases {}
[debug] [2025-06-04T17:15:19.208Z] Checked if tokens are valid: true, expires at: 1749059923765
[debug] [2025-06-04T17:15:19.209Z] Checked if tokens are valid: true, expires at: 1749059923765
[debug] [2025-06-04T17:15:19.209Z] >>> [apiv2][query] GET https://firestore.googleapis.com/v1/projects/foodmenu-8c02b/locations [none]
[debug] [2025-06-04T17:15:19.339Z] <<< [apiv2][status] GET https://firestore.googleapis.com/v1/projects/foodmenu-8c02b/locations 200
[debug] [2025-06-04T17:15:19.339Z] <<< [apiv2][body] GET https://firestore.googleapis.com/v1/projects/foodmenu-8c02b/locations {"locations":[{"name":"projects/foodmenu-8c02b/locations/eur3","labels":{"appengine.googleapis.com/geo":"europe-west","cloud.googleapis.com/location":"eur3","cloud.googleapis.com/geo":"eur3"},"metadata":{"@type":"type.googleapis.com/google.firestore.admin.v1.LocationMetadata"},"locationId":"eur3","displayName":"Europe"},{"name":"projects/foodmenu-8c02b/locations/nam5","labels":{"appengine.googleapis.com/geo":"us-central","cloud.googleapis.com/location":"nam5","cloud.googleapis.com/geo":"nam5"},"metadata":{"@type":"type.googleapis.com/google.firestore.admin.v1.LocationMetadata"},"locationId":"nam5","displayName":"United States"},{"name":"projects/foodmenu-8c02b/locations/nam7","labels":{"cloud.googleapis.com/location":"nam7","cloud.googleapis.com/geo":"nam7"},"metadata":{"@type":"type.googleapis.com/google.firestore.admin.v1.LocationMetadata"},"locationId":"nam7","displayName":"United States"},{"name":"projects/foodmenu-8c02b/locations/africa-south1","labels":{"cloud.googleapis.com/location":"africa-south1","cloud.googleapis.com/region":"africa-south1"},"metadata":{"@type":"type.googleapis.com/google.firestore.admin.v1.LocationMetadata"},"locationId":"africa-south1","displayName":"Johannesburg"},{"name":"projects/foodmenu-8c02b/locations/asia-east1","labels":{"appengine.googleapis.com/region":"asia-east1","cloud.googleapis.com/location":"asia-east1","cloud.googleapis.com/region":"asia-east1"},"metadata":{"@type":"type.googleapis.com/google.firestore.admin.v1.LocationMetadata"},"locationId":"asia-east1","displayName":"Taiwan"},{"name":"projects/foodmenu-8c02b/locations/asia-east2","labels":{"appengine.googleapis.com/region":"asia-east2","cloud.googleapis.com/location":"asia-east2","cloud.googleapis.com/region":"asia-east2"},"metadata":{"@type":"type.googleapis.com/google.firestore.admin.v1.LocationMetadata"},"locationId":"asia-east2","displayName":"Hong Kong"},{"name":"projects/foodmenu-8c02b/locations/asia-northeast1","labels":{"appengine.googleapis.com/region":"asia-northeast1","cloud.googleapis.com/location":"asia-northeast1","cloud.googleapis.com/region":"asia-northeast1"},"metadata":{"@type":"type.googleapis.com/google.firestore.admin.v1.LocationMetadata"},"locationId":"asia-northeast1","displayName":"Tokyo"},{"name":"projects/foodmenu-8c02b/locations/asia-northeast2","labels":{"appengine.googleapis.com/region":"asia-northeast2","cloud.googleapis.com/location":"asia-northeast2","cloud.googleapis.com/region":"asia-northeast2"},"metadata":{"@type":"type.googleapis.com/google.firestore.admin.v1.LocationMetadata"},"locationId":"asia-northeast2","displayName":"Osaka"},{"name":"projects/foodmenu-8c02b/locations/asia-northeast3","labels":{"appengine.googleapis.com/region":"asia-northeast3","cloud.googleapis.com/location":"asia-northeast3","cloud.googleapis.com/region":"asia-northeast3"},"metadata":{"@type":"type.googleapis.com/google.firestore.admin.v1.LocationMetadata"},"locationId":"asia-northeast3","displayName":"Seoul"},{"name":"projects/foodmenu-8c02b/locations/asia-south1","labels":{"appengine.googleapis.com/region":"asia-south1","cloud.googleapis.com/location":"asia-south1","cloud.googleapis.com/region":"asia-south1"},"metadata":{"@type":"type.googleapis.com/google.firestore.admin.v1.LocationMetadata"},"locationId":"asia-south1","displayName":"Mumbai"},{"name":"projects/foodmenu-8c02b/locations/asia-south2","labels":{"cloud.googleapis.com/location":"asia-south2","cloud.googleapis.com/region":"asia-south2"},"metadata":{"@type":"type.googleapis.com/google.firestore.admin.v1.LocationMetadata"},"locationId":"asia-south2","displayName":"Delhi"},{"name":"projects/foodmenu-8c02b/locations/asia-southeast1","labels":{"appengine.googleapis.com/region":"asia-southeast1","cloud.googleapis.com/location":"asia-southeast1","cloud.googleapis.com/region":"asia-southeast1"},"metadata":{"@type":"type.googleapis.com/google.firestore.admin.v1.LocationMetadata"},"locationId":"asia-southeast1","displayName":"Singapore"},{"name":"projects/foodmenu-8c02b/locations/asia-southeast2","labels":{"appengine.googleapis.com/region":"asia-southeast2","cloud.googleapis.com/location":"asia-southeast2","cloud.googleapis.com/region":"asia-southeast2"},"metadata":{"@type":"type.googleapis.com/google.firestore.admin.v1.LocationMetadata"},"locationId":"asia-southeast2","displayName":"Jakarta"},{"name":"projects/foodmenu-8c02b/locations/australia-southeast1","labels":{"appengine.googleapis.com/region":"australia-southeast1","cloud.googleapis.com/location":"australia-southeast1","cloud.googleapis.com/region":"australia-southeast1"},"metadata":{"@type":"type.googleapis.com/google.firestore.admin.v1.LocationMetadata"},"locationId":"australia-southeast1","displayName":"Sydney"},{"name":"projects/foodmenu-8c02b/locations/australia-southeast2","labels":{"cloud.googleapis.com/location":"australia-southeast2","cloud.googleapis.com/region":"australia-southeast2"},"metadata":{"@type":"type.googleapis.com/google.firestore.admin.v1.LocationMetadata"},"locationId":"australia-southeast2","displayName":"Melbourne"},{"name":"projects/foodmenu-8c02b/locations/europe-central2","labels":{"appengine.googleapis.com/region":"europe-central2","cloud.googleapis.com/location":"europe-central2","cloud.googleapis.com/region":"europe-central2"},"metadata":{"@type":"type.googleapis.com/google.firestore.admin.v1.LocationMetadata"},"locationId":"europe-central2","displayName":"Warsaw"},{"name":"projects/foodmenu-8c02b/locations/europe-north1","labels":{"cloud.googleapis.com/location":"europe-north1","cloud.googleapis.com/region":"europe-north1"},"metadata":{"@type":"type.googleapis.com/google.firestore.admin.v1.LocationMetadata"},"locationId":"europe-north1","displayName":"Finland"},{"name":"projects/foodmenu-8c02b/locations/europe-north2","labels":{"cloud.googleapis.com/location":"europe-north2","cloud.googleapis.com/region":"europe-north2"},"metadata":{"@type":"type.googleapis.com/google.firestore.admin.v1.LocationMetadata"},"locationId":"europe-north2","displayName":"Stockholm"},{"name":"projects/foodmenu-8c02b/locations/europe-southwest1","labels":{"cloud.googleapis.com/location":"europe-southwest1","cloud.googleapis.com/region":"europe-southwest1"},"metadata":{"@type":"type.googleapis.com/google.firestore.admin.v1.LocationMetadata"},"locationId":"europe-southwest1","displayName":"Madrid"},{"name":"projects/foodmenu-8c02b/locations/europe-west1","labels":{"cloud.googleapis.com/location":"europe-west1","cloud.googleapis.com/region":"europe-west1"},"metadata":{"@type":"type.googleapis.com/google.firestore.admin.v1.LocationMetadata"},"locationId":"europe-west1","displayName":"Belgium"},{"name":"projects/foodmenu-8c02b/locations/europe-west10","labels":{"cloud.googleapis.com/location":"europe-west10","cloud.googleapis.com/region":"europe-west10"},"metadata":{"@type":"type.googleapis.com/google.firestore.admin.v1.LocationMetadata"},"locationId":"europe-west10","displayName":"Berlin"},{"name":"projects/foodmenu-8c02b/locations/europe-west12","labels":{"cloud.googleapis.com/location":"europe-west12","cloud.googleapis.com/region":"europe-west12"},"metadata":{"@type":"type.googleapis.com/google.firestore.admin.v1.LocationMetadata"},"locationId":"europe-west12","displayName":"Turin"},{"name":"projects/foodmenu-8c02b/locations/europe-west2","labels":{"appengine.googleapis.com/region":"europe-west2","cloud.googleapis.com/location":"europe-west2","cloud.googleapis.com/region":"europe-west2"},"metadata":{"@type":"type.googleapis.com/google.firestore.admin.v1.LocationMetadata"},"locationId":"europe-west2","displayName":"London"},{"name":"projects/foodmenu-8c02b/locations/europe-west3","labels":{"appengine.googleapis.com/region":"europe-west3","cloud.googleapis.com/location":"europe-west3","cloud.googleapis.com/region":"europe-west3"},"metadata":{"@type":"type.googleapis.com/google.firestore.admin.v1.LocationMetadata"},"locationId":"europe-west3","displayName":"Frankfurt"},{"name":"projects/foodmenu-8c02b/locations/europe-west4","labels":{"cloud.googleapis.com/location":"europe-west4","cloud.googleapis.com/region":"europe-west4"},"metadata":{"@type":"type.googleapis.com/google.firestore.admin.v1.LocationMetadata"},"locationId":"europe-west4","displayName":"Netherlands"},{"name":"projects/foodmenu-8c02b/locations/europe-west6","labels":{"appengine.googleapis.com/region":"europe-west6","cloud.googleapis.com/location":"europe-west6","cloud.googleapis.com/region":"europe-west6"},"metadata":{"@type":"type.googleapis.com/google.firestore.admin.v1.LocationMetadata"},"locationId":"europe-west6","displayName":"Zurich"},{"name":"projects/foodmenu-8c02b/locations/europe-west8","labels":{"cloud.googleapis.com/location":"europe-west8","cloud.googleapis.com/region":"europe-west8"},"metadata":{"@type":"type.googleapis.com/google.firestore.admin.v1.LocationMetadata"},"locationId":"europe-west8","displayName":"Milan"},{"name":"projects/foodmenu-8c02b/locations/europe-west9","labels":{"cloud.googleapis.com/location":"europe-west9","cloud.googleapis.com/region":"europe-west9"},"metadata":{"@type":"type.googleapis.com/google.firestore.admin.v1.LocationMetadata"},"locationId":"europe-west9","displayName":"Paris"},{"name":"projects/foodmenu-8c02b/locations/me-central1","labels":{"cloud.googleapis.com/location":"me-central1","cloud.googleapis.com/region":"me-central1"},"metadata":{"@type":"type.googleapis.com/google.firestore.admin.v1.LocationMetadata"},"locationId":"me-central1","displayName":"Doha"},{"name":"projects/foodmenu-8c02b/locations/me-central2","labels":{"cloud.googleapis.com/location":"me-central2","cloud.googleapis.com/region":"me-central2"},"metadata":{"@type":"type.googleapis.com/google.firestore.admin.v1.LocationMetadata"},"locationId":"me-central2","displayName":"Dammam"},{"name":"projects/foodmenu-8c02b/locations/me-west1","labels":{"cloud.googleapis.com/location":"me-west1","cloud.googleapis.com/region":"me-west1"},"metadata":{"@type":"type.googleapis.com/google.firestore.admin.v1.LocationMetadata"},"locationId":"me-west1","displayName":"Tel Aviv"},{"name":"projects/foodmenu-8c02b/locations/northamerica-northeast1","labels":{"appengine.googleapis.com/region":"northamerica-northeast1","cloud.googleapis.com/location":"northamerica-northeast1","cloud.googleapis.com/region":"northamerica-northeast1"},"metadata":{"@type":"type.googleapis.com/google.firestore.admin.v1.LocationMetadata"},"locationId":"northamerica-northeast1","displayName":"Montréal"},{"name":"projects/foodmenu-8c02b/locations/northamerica-northeast2","labels":{"cloud.googleapis.com/location":"northamerica-northeast2","cloud.googleapis.com/region":"northamerica-northeast2"},"metadata":{"@type":"type.googleapis.com/google.firestore.admin.v1.LocationMetadata"},"locationId":"northamerica-northeast2","displayName":"Toronto"},{"name":"projects/foodmenu-8c02b/locations/northamerica-south1","labels":{"cloud.googleapis.com/location":"northamerica-south1","cloud.googleapis.com/region":"northamerica-south1"},"metadata":{"@type":"type.googleapis.com/google.firestore.admin.v1.LocationMetadata"},"locationId":"northamerica-south1","displayName":"Mexico"},{"name":"projects/foodmenu-8c02b/locations/southamerica-east1","labels":{"appengine.googleapis.com/region":"southamerica-east1","cloud.googleapis.com/location":"southamerica-east1","cloud.googleapis.com/region":"southamerica-east1"},"metadata":{"@type":"type.googleapis.com/google.firestore.admin.v1.LocationMetadata"},"locationId":"southamerica-east1","displayName":"São Paulo"},{"name":"projects/foodmenu-8c02b/locations/southamerica-west1","labels":{"cloud.googleapis.com/location":"southamerica-west1","cloud.googleapis.com/region":"southamerica-west1"},"metadata":{"@type":"type.googleapis.com/google.firestore.admin.v1.LocationMetadata"},"locationId":"southamerica-west1","displayName":"Santiago"},{"name":"projects/foodmenu-8c02b/locations/us-central1","labels":{"cloud.googleapis.com/location":"us-central1","cloud.googleapis.com/region":"us-central1"},"metadata":{"@type":"type.googleapis.com/google.firestore.admin.v1.LocationMetadata"},"locationId":"us-central1","displayName":"Iowa"},{"name":"projects/foodmenu-8c02b/locations/us-east1","labels":{"appengine.googleapis.com/region":"us-east1","cloud.googleapis.com/location":"us-east1","cloud.googleapis.com/region":"us-east1"},"metadata":{"@type":"type.googleapis.com/google.firestore.admin.v1.LocationMetadata"},"locationId":"us-east1","displayName":"South Carolina"},{"name":"projects/foodmenu-8c02b/locations/us-east4","labels":{"appengine.googleapis.com/region":"us-east4","cloud.googleapis.com/location":"us-east4","cloud.googleapis.com/region":"us-east4"},"metadata":{"@type":"type.googleapis.com/google.firestore.admin.v1.LocationMetadata"},"locationId":"us-east4","displayName":"Northern Virginia"},{"name":"projects/foodmenu-8c02b/locations/us-east5","labels":{"cloud.googleapis.com/location":"us-east5","cloud.googleapis.com/region":"us-east5"},"metadata":{"@type":"type.googleapis.com/google.firestore.admin.v1.LocationMetadata"},"locationId":"us-east5","displayName":"Columbus"},{"name":"projects/foodmenu-8c02b/locations/us-south1","labels":{"cloud.googleapis.com/location":"us-south1","cloud.googleapis.com/region":"us-south1"},"metadata":{"@type":"type.googleapis.com/google.firestore.admin.v1.LocationMetadata"},"locationId":"us-south1","displayName":"Dallas"},{"name":"projects/foodmenu-8c02b/locations/us-west1","labels":{"appengine.googleapis.com/region":"us-west1","cloud.googleapis.com/location":"us-west1","cloud.googleapis.com/region":"us-west1"},"metadata":{"@type":"type.googleapis.com/google.firestore.admin.v1.LocationMetadata"},"locationId":"us-west1","displayName":"Oregon"},{"name":"projects/foodmenu-8c02b/locations/us-west2","labels":{"appengine.googleapis.com/region":"us-west2","cloud.googleapis.com/location":"us-west2","cloud.googleapis.com/region":"us-west2"},"metadata":{"@type":"type.googleapis.com/google.firestore.admin.v1.LocationMetadata"},"locationId":"us-west2","displayName":"Los Angeles"},{"name":"projects/foodmenu-8c02b/locations/us-west3","labels":{"appengine.googleapis.com/region":"us-west3","cloud.googleapis.com/location":"us-west3","cloud.googleapis.com/region":"us-west3"},"metadata":{"@type":"type.googleapis.com/google.firestore.admin.v1.LocationMetadata"},"locationId":"us-west3","displayName":"Salt Lake City"},{"name":"projects/foodmenu-8c02b/locations/us-west4","labels":{"appengine.googleapis.com/region":"us-west4","cloud.googleapis.com/location":"us-west4","cloud.googleapis.com/region":"us-west4"},"metadata":{"@type":"type.googleapis.com/google.firestore.admin.v1.LocationMetadata"},"locationId":"us-west4","displayName":"Las Vegas"},{"name":"projects/foodmenu-8c02b/locations/us-west8","labels":{"cloud.googleapis.com/location":"us-west8","cloud.googleapis.com/region":"us-west8"},"metadata":{"@type":"type.googleapis.com/google.firestore.admin.v1.LocationMetadata"},"locationId":"us-west8","displayName":"Phoenix"}]}
[info] 
[info] Firestore Security Rules allow you to define how and when to allow
[info] requests. You can keep these rules in your project directory
[info] and publish them with firebase deploy.
[info] 
[debug] [2025-06-04T17:16:10.075Z] Checked if tokens are valid: true, expires at: 1749059923765
[debug] [2025-06-04T17:16:10.076Z] Checked if tokens are valid: true, expires at: 1749059923765
[debug] [2025-06-04T17:16:10.076Z] >>> [apiv2][query] GET https://firebaserules.googleapis.com/v1/projects/foodmenu-8c02b/releases pageSize=10&pageToken=
[debug] [2025-06-04T17:16:11.427Z] <<< [apiv2][status] GET https://firebaserules.googleapis.com/v1/projects/foodmenu-8c02b/releases 200
[debug] [2025-06-04T17:16:11.427Z] <<< [apiv2][body] GET https://firebaserules.googleapis.com/v1/projects/foodmenu-8c02b/releases {}
[info] 
[info] Firestore indexes allow you to perform complex queries while
[info] maintaining performance that scales with the size of the result
[info] set. You can keep index definitions in your project directory
[info] and publish them with firebase deploy.
[info] 
[debug] [2025-06-04T17:18:30.278Z] Checked if tokens are valid: true, expires at: 1749059923765
[debug] [2025-06-04T17:18:30.278Z] Checked if tokens are valid: true, expires at: 1749059923765
[debug] [2025-06-04T17:18:30.278Z] Checked if tokens are valid: true, expires at: 1749059923765
[debug] [2025-06-04T17:18:30.278Z] Checked if tokens are valid: true, expires at: 1749059923765
[debug] [2025-06-04T17:18:30.279Z] >>> [apiv2][query] GET https://firestore.googleapis.com/v1/projects/foodmenu-8c02b/databases/(default)/collectionGroups/-/indexes [none]
[debug] [2025-06-04T17:18:30.281Z] >>> [apiv2][query] GET https://firestore.googleapis.com/v1/projects/foodmenu-8c02b/databases/(default)/collectionGroups/-/fields?filter=indexConfig.usesAncestorConfig=false OR ttlConfig:* [none]
[debug] [2025-06-04T17:18:30.481Z] <<< [apiv2][status] GET https://firestore.googleapis.com/v1/projects/foodmenu-8c02b/databases/(default)/collectionGroups/-/fields?filter=indexConfig.usesAncestorConfig=false OR ttlConfig:* 404
[debug] [2025-06-04T17:18:30.481Z] <<< [apiv2][body] GET https://firestore.googleapis.com/v1/projects/foodmenu-8c02b/databases/(default)/collectionGroups/-/fields?filter=indexConfig.usesAncestorConfig=false OR ttlConfig:* {"error":{"code":404,"message":"Project 'foodmenu-8c02b' or database '(default)' does not exist.","status":"NOT_FOUND"}}
[info] +  Wrote firestore.rules 
[info] +  Wrote firestore.indexes.json 
[info] 
=== Hosting Setup
[debug] [2025-06-04T17:18:30.496Z] Checked if tokens are valid: true, expires at: 1749059923765
[debug] [2025-06-04T17:18:30.496Z] Checked if tokens are valid: true, expires at: 1749059923765
[debug] [2025-06-04T17:18:30.497Z] >>> [apiv2][query] GET https://firebase.googleapis.com/v1beta1/projects/foodmenu-8c02b [none]
[debug] [2025-06-04T17:18:30.715Z] <<< [apiv2][status] GET https://firestore.googleapis.com/v1/projects/foodmenu-8c02b/databases/(default)/collectionGroups/-/indexes 404
[debug] [2025-06-04T17:18:30.715Z] <<< [apiv2][body] GET https://firestore.googleapis.com/v1/projects/foodmenu-8c02b/databases/(default)/collectionGroups/-/indexes {"error":{"code":404,"message":"Project 'foodmenu-8c02b' or database '(default)' does not exist.","status":"NOT_FOUND"}}
[debug] [2025-06-04T17:18:31.135Z] <<< [apiv2][status] GET https://firebase.googleapis.com/v1beta1/projects/foodmenu-8c02b 200
[debug] [2025-06-04T17:18:31.136Z] <<< [apiv2][body] GET https://firebase.googleapis.com/v1beta1/projects/foodmenu-8c02b {"projectId":"foodmenu-8c02b","projectNumber":"1079545654229","displayName":"mess-menu-app","name":"projects/foodmenu-8c02b","resources":{"hostingSite":"foodmenu-8c02b"},"state":"ACTIVE","etag":"1_71e50b05-a88e-4a4b-8644-13441c827890"}
[info] 
[info] Your public directory is the folder (relative to your project directory) that
[info] will contain Hosting assets to be uploaded with firebase deploy. If you
[info] have a build process for your assets, use your build's output directory.
[info] 
